<?xml version="1.0" encoding="UTF-8"?>
<testsuite name="restmediator.requests.CRUDTest" tests="2" skipped="0" failures="0" errors="0" timestamp="2019-03-23T00:48:55" hostname="Unaizas-MacBook-Pro.local" time="0.301">
  <properties/>
  <testcase name="postRequest" classname="restmediator.requests.CRUDTest" time="0.261"/>
  <testcase name="getRequest" classname="restmediator.requests.CRUDTest" time="0.009"/>
  <system-out><![CDATA[{"status":0,"message":"New Game ready to be played. Session id =8","nextMove":{"squareFrom":"f2","squareTo":"f4"}}
{"timestamp":"2019-03-23T00:48:56.270+0000","status":404,"error":"Not Found","message":"No message available","path":"/getSessions"}
]]></system-out>
  <system-err><![CDATA[]]></system-err>
</testsuite>
