<?xml version="1.0" encoding="UTF-8"?>
<testsuite name="com.chessapi.utility.UtilityTest" tests="4" skipped="0" failures="0" errors="0" timestamp="2019-03-21T02:16:54" hostname="10-5-218-186.vlan876.client.wireless.uic.edu" time="0.006">
  <properties/>
  <testcase name="getSession" classname="com.chessapi.utility.UtilityTest" time="0.005"/>
  <testcase name="removeSession" classname="com.chessapi.utility.UtilityTest" time="0.0"/>
  <testcase name="getNextMove" classname="com.chessapi.utility.UtilityTest" time="0.0"/>
  <testcase name="addSession" classname="com.chessapi.utility.UtilityTest" time="0.0"/>
  <system-out><![CDATA[1 found!!! 
]]></system-out>
  <system-err><![CDATA[]]></system-err>
</testsuite>
